\BOOKMARK [1][-]{section.1}{Introduction}{}% 1
\BOOKMARK [2][-]{subsection.1.1}{Purpose}{section.1}% 2
\BOOKMARK [2][-]{subsection.1.2}{Scope}{section.1}% 3
\BOOKMARK [3][-]{subsubsection.1.2.1}{Actors}{subsection.1.2}% 4
\BOOKMARK [3][-]{subsubsection.1.2.2}{Goals}{subsection.1.2}% 5
\BOOKMARK [2][-]{subsection.1.3}{Definitions, acronyms, and abbreviations}{section.1}% 6
\BOOKMARK [2][-]{subsection.1.4}{Overview}{section.1}% 7
\BOOKMARK [2][-]{subsection.1.5}{References}{section.1}% 8
\BOOKMARK [1][-]{section.2}{Overall Description}{}% 9
\BOOKMARK [2][-]{subsection.2.1}{Product Perspective}{section.2}% 10
\BOOKMARK [2][-]{subsection.2.2}{Product Features}{section.2}% 11
\BOOKMARK [2][-]{subsection.2.3}{User Classes and Characteristics}{section.2}% 12
\BOOKMARK [2][-]{subsection.2.4}{Operating Environment}{section.2}% 13
\BOOKMARK [2][-]{subsection.2.5}{Design and Implementation Constraints}{section.2}% 14
\BOOKMARK [2][-]{subsection.2.6}{Assumptions and Dependencies}{section.2}% 15
\BOOKMARK [1][-]{section.3}{Specific requirements}{}% 16
\BOOKMARK [2][-]{subsection.3.1}{External interface requirements}{section.3}% 17
\BOOKMARK [3][-]{subsubsection.3.1.1}{User interfaces}{subsection.3.1}% 18
\BOOKMARK [4][-]{paragraph.3.1.1.1}{Passenger mockups}{subsubsection.3.1.1}% 19
\BOOKMARK [4][-]{paragraph.3.1.1.2}{Taxi Driver mockups}{subsubsection.3.1.1}% 20
\BOOKMARK [3][-]{subsubsection.3.1.2}{Hardware interfaces}{subsection.3.1}% 21
\BOOKMARK [3][-]{subsubsection.3.1.3}{Software interfaces}{subsection.3.1}% 22
\BOOKMARK [3][-]{subsubsection.3.1.4}{Communications interfaces}{subsection.3.1}% 23
\BOOKMARK [2][-]{subsection.3.2}{System Features}{section.3}% 24
\BOOKMARK [3][-]{subsubsection.3.2.1}{UML Use Case Diagram}{subsection.3.2}% 25
\BOOKMARK [3][-]{subsubsection.3.2.2}{Registration}{subsection.3.2}% 26
\BOOKMARK [4][-]{paragraph.3.2.2.1}{Use Case}{subsubsection.3.2.2}% 27
\BOOKMARK [4][-]{paragraph.3.2.2.2}{Description and Priority}{subsubsection.3.2.2}% 28
\BOOKMARK [4][-]{paragraph.3.2.2.3}{Functional Requirements}{subsubsection.3.2.2}% 29
\BOOKMARK [4][-]{paragraph.3.2.2.4}{Scenarios}{subsubsection.3.2.2}% 30
\BOOKMARK [4][-]{paragraph.3.2.2.5}{UML Diagrams}{subsubsection.3.2.2}% 31
\BOOKMARK [3][-]{subsubsection.3.2.3}{Login}{subsection.3.2}% 32
\BOOKMARK [4][-]{paragraph.3.2.3.1}{Description and Priority}{subsubsection.3.2.3}% 33
\BOOKMARK [4][-]{paragraph.3.2.3.2}{Functional Requirements}{subsubsection.3.2.3}% 34
\BOOKMARK [4][-]{paragraph.3.2.3.3}{Scenarios}{subsubsection.3.2.3}% 35
\BOOKMARK [4][-]{paragraph.3.2.3.4}{UML Diagrams}{subsubsection.3.2.3}% 36
\BOOKMARK [3][-]{subsubsection.3.2.4}{Logout}{subsection.3.2}% 37
\BOOKMARK [4][-]{paragraph.3.2.4.1}{Description and Priority}{subsubsection.3.2.4}% 38
\BOOKMARK [4][-]{paragraph.3.2.4.2}{Functional Requirements}{subsubsection.3.2.4}% 39
\BOOKMARK [4][-]{paragraph.3.2.4.3}{Scenarios}{subsubsection.3.2.4}% 40
\BOOKMARK [4][-]{paragraph.3.2.4.4}{UML Diagrams}{subsubsection.3.2.4}% 41
\BOOKMARK [3][-]{subsubsection.3.2.5}{View Request and Reservations}{subsection.3.2}% 42
\BOOKMARK [4][-]{paragraph.3.2.5.1}{Description and Priority}{subsubsection.3.2.5}% 43
\BOOKMARK [4][-]{paragraph.3.2.5.2}{Functional Requirements}{subsubsection.3.2.5}% 44
\BOOKMARK [4][-]{paragraph.3.2.5.3}{Scenarios}{subsubsection.3.2.5}% 45
\BOOKMARK [4][-]{paragraph.3.2.5.4}{UML Diagrams}{subsubsection.3.2.5}% 46
\BOOKMARK [3][-]{subsubsection.3.2.6}{Handle Personal Profile}{subsection.3.2}% 47
\BOOKMARK [4][-]{paragraph.3.2.6.1}{Description and Priority}{subsubsection.3.2.6}% 48
\BOOKMARK [4][-]{paragraph.3.2.6.2}{Functional Requirements}{subsubsection.3.2.6}% 49
\BOOKMARK [4][-]{paragraph.3.2.6.3}{Scenarios}{subsubsection.3.2.6}% 50
\BOOKMARK [4][-]{paragraph.3.2.6.4}{UML Diagrams}{subsubsection.3.2.6}% 51
\BOOKMARK [3][-]{subsubsection.3.2.7}{Taxi Reservation}{subsection.3.2}% 52
\BOOKMARK [4][-]{paragraph.3.2.7.1}{Description and Priority}{subsubsection.3.2.7}% 53
\BOOKMARK [4][-]{paragraph.3.2.7.2}{Functional Requirements}{subsubsection.3.2.7}% 54
\BOOKMARK [4][-]{paragraph.3.2.7.3}{Scenarios}{subsubsection.3.2.7}% 55
\BOOKMARK [4][-]{paragraph.3.2.7.4}{UML Diagrams}{subsubsection.3.2.7}% 56
\BOOKMARK [3][-]{subsubsection.3.2.8}{Taxi Request}{subsection.3.2}% 57
\BOOKMARK [4][-]{paragraph.3.2.8.1}{Description and Priority}{subsubsection.3.2.8}% 58
\BOOKMARK [4][-]{paragraph.3.2.8.2}{Functional Requirements}{subsubsection.3.2.8}% 59
\BOOKMARK [4][-]{paragraph.3.2.8.3}{Scenarios}{subsubsection.3.2.8}% 60
\BOOKMARK [4][-]{paragraph.3.2.8.4}{UML Diagrams}{subsubsection.3.2.8}% 61
\BOOKMARK [3][-]{subsubsection.3.2.9}{Notify Problem}{subsection.3.2}% 62
\BOOKMARK [4][-]{paragraph.3.2.9.1}{Description and Priority}{subsubsection.3.2.9}% 63
\BOOKMARK [4][-]{paragraph.3.2.9.2}{Functional Requirements}{subsubsection.3.2.9}% 64
\BOOKMARK [4][-]{paragraph.3.2.9.3}{Scenarios}{subsubsection.3.2.9}% 65
\BOOKMARK [4][-]{paragraph.3.2.9.4}{UML Diagrams}{subsubsection.3.2.9}% 66
\BOOKMARK [3][-]{subsubsection.3.2.10}{End Of Ride}{subsection.3.2}% 67
\BOOKMARK [4][-]{paragraph.3.2.10.1}{Description and Priority}{subsubsection.3.2.10}% 68
\BOOKMARK [4][-]{paragraph.3.2.10.2}{Functional Requirements}{subsubsection.3.2.10}% 69
\BOOKMARK [4][-]{paragraph.3.2.10.3}{Scenarios}{subsubsection.3.2.10}% 70
\BOOKMARK [4][-]{paragraph.3.2.10.4}{UML Diagrams}{subsubsection.3.2.10}% 71
\BOOKMARK [3][-]{subsubsection.3.2.11}{UML Class Diagram}{subsection.3.2}% 72
\BOOKMARK [3][-]{subsubsection.3.2.12}{State Chart Diagram}{subsection.3.2}% 73
\BOOKMARK [3][-]{subsubsection.3.2.13}{Alloy Model}{subsection.3.2}% 74
\BOOKMARK [2][-]{subsection.3.3}{Performance requirements}{section.3}% 75
\BOOKMARK [2][-]{subsection.3.4}{Design constraints}{section.3}% 76
\BOOKMARK [2][-]{subsection.3.5}{Software system attributes}{section.3}% 77
\BOOKMARK [2][-]{subsection.3.6}{Other requirements}{section.3}% 78
